| + | | | 7c370e9bbde07196991f8ada61b05752fd4a2cc2 flabbergast - Chibios: Update the main chibios README.
| + | | | 7f0198d86be549485c3aa3c9cbcef8c6acb0f197 flabbergast - Chibios: implement sleep LED for STM32.
| |/ / /  
| | * |   59576822bb5e262a3f71fcc1035b3b8085d0362a Jun Wako - Merge branch 'hotfix-mediakey'
| | |\ \  
| | | * | 915eb488b6f05335189751a0cc1aa7f150e5ff7b tmk - core: Fix media/consumer keys
| |_|/ /  
|/| | |   
| | * |   a478c62c9cdd72ac59d867ce013ee2a833267659 Jun Wako - Merge branch 'hotfix-vusb'
| | |\ \  
| | | * | 88f90f32bd5f68767ac889265df3293a2dab5ea3 tmk - Fix for VUSB configuration
| |_|/ /  
|/| | |   
| | * |   cccebfe51fb1e6dc281e0931ccd66e75fa1e3aa1 Jun Wako - Merge branch 'njbair-docfix'
| | |\ \  
| |/ / /  
|/| | |   
| | * | 0aaab57f559fd85180de17dd70fa8fa3318a4776 Nick Bair - Clean up wording in keymap example
| | * | dc8bbc3d5d8b56778319c5088811459efab5defc Nick Bair - Clarify layer precedence
| | * | 9e0b4c14681daf56c0d604e5cebdf2eb62cbf7ab Nick Bair - clarify layer documentation
| |/ /  
|/| |   
* | |   c286d8cb43ab0573c09be0ee782a93f4d4bf86cb tmk - Merge pull request #10 from fredizzimo/chibios-contrib2
|\ \ \  
| |/ /  
|/| |   
| + | 062d74ed9c709f6b8b2c02f8a7e8ef34b6b836e6 Fred Sundvik - Update ChibiOS instructions
| + | d47150f911b3f56446909afeb20f199e857ce8b6 Fred Sundvik - Add support for new version of ChibiOS and Contrib
|/ /  
+ | afef9b4abd5ce5cb44387ffadde3279fedee1342 Jun Wako - Fix hard-coded path of CHIBIOS
* |   95c5b1907356cbd48c04e992338f3c813e19d85b tmk - Merge pull request #7 from fredizzimo/sysvsize
|\ \  
| + | 27128a83122efc228c88fe26c2a945d157f4a2d2 Fred Sundvik - Sysv format for ChibiOS arm-none-eabi-size
|/ /  
| *   53a9c08bab53fb896eb9c6227ab426e121111447 tmk - Merge pull request #321 from njbair/master
| |\  
| | * d526de82f31f474c4058fefc8d3bb321aed68deb Nick Bair - Clean up wording in keymap example
| | * 0bb3dbb337b04b72beba37f3cd5fe8ae3ce11354 Nick Bair - Clarify layer precedence
| | * d915c75a54fc4f366b979441837fc67965d99c9d Nick Bair - clarify layer documentation
| * | f08a6567c01776a45184bd1c930607fb12b3dfac tmk - core: Fix media/consumer keys
| |/  
| * 72070d48e0836a5557cdf0c9b30f307192ec515b tmk - ps2_usb: Fix for VUSB configuration
| * c8e45b52a5aecec58f6ceadd126bc33a34d3b3d0 tmk - core: Actionmap support
|/  
+ d4b8e68a5387b7e3c8f950ca2e1e2345cfb9e101 tmk - core: Fix chibios user compile options
*   b85d4626a8bfd894f6e3f4173794da2fb5ef4292 tmk - Merge branch 'chibios' of https://github.com/flabbergast/tmk_keyboard into flabbergast_chibios
|\  
| + 8f2858918b9eb72079138fc0889b54a959f63476 flabbergast - Chibios: Revert common.mk change (fix AVR linking problem).
| + ec9eff2e53bc0bce9c69d9a926c34ecc8d57c18c flabbergast - Chibios: cleanup usb_main code.
| + 28c4665e7eb2812d2a3357a2231868abc14e7222 flabbergast - Chibios: Fix a HardFault bug (wait after start).
* | de41aa11f72eaf323dc7920528e2c878d3f42a69 tmk - core: Fix ps2_mouse.c debug print
* | d79d9251a9c9161b2b8a46e42bf891552e0a7282 obones - Removed duplicate debug message code and surrounded it with IFDEF as needed
* | ee8c5baecc9acf37976de36f56551fc9e6b92968 Jun Wako - Remove warnings when NO_DEBUG is defined
* | a71e6e0e4ffca4664447416ef650dcaf022a8dbc Fred Sundvik - Remove warnings when NO_PRINT is defined
* | 97c7ed4de60ec73de7b5af7c0d66041c523d037a Jun Wako - Fix COMMON_DIR in common.mk.
+ | 08ce4c3021d2ecd446c5b9a137aded65423d241e Jun Wako - Add update for chibios in README
|/  
