*   2983af4f9ace18afc6cf44aecc2ce4459eaf802c tmk - Merge pull request #365 from p3lim/patch-1
|\  
| * 38ab23568e639af7de13e77a2f47a2d51123c6de Adrian L Lange - README missing link
|/  
* e590b64703949fc85b3072a3248d57b33731350f tmk - Update orphan/README.md
*   649151cbeb84cef0da09269c614b6855feb602c8 tmk - Merge branch 'orphans'
|\  
| * 885e7adb18fb6039f0fe66de23e0622af923f7d1 tmk - Move some projects to 'orphan' directory
|/  
*   5c277a6687b63f34e5d5696365a2ed88e48441f2 tmk - Merge branch 'remote_wakeup_32u2_fix'
|\  
| * a65fa6437c0187766d59d3d939ebbc3c001b5b05 tmk - core: Fix USB remote wakeup on ATmega32U2 #361
|/  
*   338744ba2fdfdcd07824f325a8112e041d6cd0a5 tmk - Merge branch 'usb_usb_multiple_keyboard_share'
|\  
| * 148c6a517549973a622f7df91f95e525550cd520 tmk - usb_usb: Add multiple keyboard support
|/  
* 60b88f155ec0c4150a541cba19db50a5db72a18d tmk - hhkb: Fix links in README.md. Close #358
*   ccd8e1860932af5c8d6d5c224a07d28b778863a4 tmk - Merge branch 'report_descriptor_fix'
|\  
| * 7ce326dee5f5ae6dc558356a79c58f8d4c150fe0 tmk - core: Fix Logical Maximum in report descriptor
|/  
*   df1e5a5aab8cab93463094e1ca0606f3e96af5b4 tmk - Merge branch 'report_descriptor_fix'
|\  
| * 279876ef5e7d20bffaaa727fdca3a8fa15017781 tmk - core: Fix LUFA report descriptor
|/  
*   f37805e698a34ce07f10c7f5316f9bbd2a63563b tmk - Merge pull request #355 from papodaca/XT
|\  
| * bafb746485aab5756a5b4877ec5bbe637f72f4ba Ethan Apodaca - Update XT converter readme.
| *   83331cf6a27d3ef7d35c2e707a61a83d88f125dd Ethan Apodaca - Merge pull request #1 from alh84001/patch-1
| |\  
| | * 5cbc226addd2983076aae47611491c96b92d0344 Matija Kovacic - Update config.h
| |/  
| * a9bce90c6090803a728592ae7ea563e2f3286e38 Ethan Apodaca - Mostly working. Is unstable, will emit bad codes after a while.
| * 3def1c3065a3b1f85a99cc7336f41f486d9ec67d Ethan Apodaca - Codes appear to be detected correctly, the break codes are broken.
* |   1bce71fbf7874cc0169860cd0b6f1a59fdec9993 tmk - Merge branch 'adb_mediakey'
|\ \  
| * | b653b622a623f0e8e2c03af8254e6ac3d29b71c7 tmk - adb_usb: Add support for Apple Adjustable keybaord media keys
| * | 230ed4bdef855202a4c340fe645f05e2ca124521 tmk - core: change API of adb.c to accept device address
|/ /  
* | 4d9e66baeccc130f5263460f8e1228bb85cb92c7 tmk - adb_usb: Fix swap ISO codes bug
* |   3fe8e1c238fc8e15dacda1b03c0c1745a7b8e8e7 tmk - Merge commit '20b787fc1284176834cbe7ca2134e4b36bec5828'
|\ \  
| * | 20b787fc1284176834cbe7ca2134e4b36bec5828 tmk - Squashed 'tmk_core/' changes from d5c5ac6..8da1898
* | |   57f0ab5563aff4c4801241fa25bb4b7a7129ed6c tmk - Merge branch 'flabbergast-update'
|\ \ \  
| + | | 82e8e6fbaad8636118f2439996efcff23aa91c22 flabbergast - Chibios: update examples to current chibios git.
|/ / /  
* | | e661296200233c2c721be857d551644324793536 tmk - core: Add comment of register 3 of ADB
* | |   41d8811c3576475fde835e4d1b44ad212bd5d22b tmk - Merge branch 'adb_iso_fix'
|\ \ \  
| * | | 4fc0efd3ab8f1720eb799e29ef436a3788aa1890 tmk - adb_usb: reinitialize for plug-in after startup
* | | |   f43a2df7614503708818c258439d3a7c90d65e95 tmk - Merge branch 'adb_iso_fix'
|\ \ \ \  
| |/ / /  
| * | | 49f44a2aedce6d727d9e6aa7998e766b899c6eda tmk - adb_usb: autodetect ISO keyboards and swap codes
| * | | d702fe7504753617911501d886c4e4e0a33d607f tmk - core: Add adb_host_talk()
|/ / /  
* | |   75854878cc77ebefd82e56886796c7b5b3294106 tmk - Merge pull request #347 from omenlabs/master
|\ \ \  
| * | | d5d58f566dca3c671eee81d47f6083a94a165ba8 John Hickey - Make Bell and Click work on Sun Type 5c.
| * | | d3332d32daacde13cb0ff488d1c1dd0f79a3d423 John Hickey - Add hardware serial support for sun_usb converter
|/ / /  
* | |   e9a54995bd5af53ce54d71ca4528f976d29074e9 tmk - Merge pull request #341 from esell/master
|\ \ \  
| * \ \   90105c6f8b886fb98bfecf023d735b6b30396f07 esell - Merge pull request #1 from esell/bluefruit
| |\ \ \  
|/ / / /  
| * | | 0c8c77450cd0768c7b93aae8ce152a149fdb6935 esell - update macro names in bluefruit
|/ / /  
* | | 3c109203c3d0451dd5009acbe3fc5452934b0449 tmk - x68k_usb: Add toggle LED sample
* | | e7808f7ea4015dbed19f38a6dbbd82b0a3146fe6 tmk - x68k_usb: Convert legacy keymap into current one
* | | 7847d5dd9f3e743f298d1e7754c11dcfb7255382 tmk - news_usb: Add TMK converter support
* | | d4982a21ac8f3ba003da41ceb581bffb4e78fefa tmk - Fix a link in README.md
* | |   b1d691bcfdd3f30fc9d6e4aeecb1b620208991cd tmk - Merge branch 'master' of github.com:tmk/tmk_keyboard
|\ \ \  
| * \ \   38931d604f76e2158af79dbaf7f627f07a75d062 tmk - Merge pull request #327 from grettke/patch-1
| |\ \ \  
| | * | | 0a0463aad2f1a96551ce32d33392f320895c6bb7 Grant Rettke - Extenal -> External
* | | | |   53bd4a01be5c4327462e6c6620ea7670eddca6f2 tmk - Merge commit '71381457fa1311dfa0b58ba882a96db740640871'
|\ \ \ \ \  
| |/ / / /  
|/| | / /   
| | |/ /    
| |/| |     
| * | | 71381457fa1311dfa0b58ba882a96db740640871 tmk - Squashed 'tmk_core/' changes from ee8c5ba..d5c5ac6
* | | | 7613efca999f1b0b90c57cedfa67eda1161b8d44 tmk - adb_usb: Fix for ISO swapped keys(issue #35)
| |/ /  
|/| |   
* | | 5a2a781fc9ef32ffd80626dddede12b8d49cc138 tmk - next_usb: Stop debug print while no keyboard
* | | e3994a620b430df62ca675d433be8a11a79ba7f3 tmk - x68k_usb: Change config for TMK converter
* | |   79afcd55709f67c028570f294ecd1c5efdedadc8 tmk - Merge pull request #321 from njbair/master
|\ \ \  
| * | | b17d2d176c2ba3460cf101d3b45b24653a952955 Nick Bair - Clean up wording in keymap example
| * | | fd4d342568d613438879efdd9e3151f06d75c5f5 Nick Bair - Clarify layer precedence
| * | | 336a27e91dd0b85d6a2d921a1d58807bd4f77451 Nick Bair - clarify layer documentation
* | | | 532e85075184ad6d99e83959e2783b0c2858d779 tmk - hhkb: Add Makefile.rn42.jp
* | | | 1414ea35315a4bb867e031d0b085f1a966fbeabf tmk - hhkb: Fix name of consumer keys
* | | | 24cee117d0abe1e8ba9a136f6908f10c30a11bb9 tmk - core: Fix media/consumer keys
|/ / /  
* | | 6527e1d98a3323aaa9ada032395b69128f11842b tmk - ps2_usb: Fix for VUSB configuration
* | | 882059c018a15e1dc64821d51015be8410bfbad5 tmk - alps64: Use keymap as default instead of actionmap
* | |   3349b6a56d9c3cece7eb66cf5fc0eea6047c826e tmk - Merge branch 'actionmap'
|\ \ \  
| * | | 0ed5017640cfc6b3ace569f43011e881b4b5a996 tmk - alps64: Add actionmaps
| * | | 5e9b21d77d71bede3fbcbefd7567af22f3b0d153 tmk - core: Actionmap support
| | |/  
| |/|   
* | | 81c3c1082a59c70236da56fbda505f1432cf27c6 tmk - alps64: Fix keymap(plain and editor)
|/ /  
* | 75ca495c010621699866a042e6a85061280177a7 tmk - ibm4704_usb: Fix scan code range for Alps 102-key
* | 449b31c18baaa4d051612dd5d3e6e379fc736016 tmk - mbed build workaround for #212
* | 1d9c939f388f9ceef8cd673155a4b2086cb5ad08 tmk - core: Fix chibios user compile options
* |   a3f29c973d99d31ccf704cd5832f4deb20a2e9aa tmk - Merge branch 'chibios' of https://github.com/flabbergast/tmk_keyboard into flabbergast_chibios
|\ \  
| + | 803b65ea43b6b27d5c43af1705a7cbc87c87946b flabbergast - Chibios: Revert common.mk change (fix AVR linking problem).
| + | fa52d8ba7468a8bbb5754a5be1df249af7ecfece flabbergast - Chibios: cleanup usb_main code.
| + | fdf808ee24fe8cdfbad7d3f6db905489549564bb flabbergast - Chibios: Fix a HardFault bug (wait after start).
* | | 6360eb308c4b81d5effde77e9b0f357dd9673696 tmk - core: Fix ps2_mouse.c debug print
* | | 5a9953b46cee3b94e0db768288513193c8256802 obones - Removed duplicate debug message code and surrounded it with IFDEF as needed
* | |   524c7d133c57fd744906a0269189fe4bc979e894 tmk - Merge commit '657d9f23fe47fb88cf221adb23095082f191ba6a'
|\ \ \  
| | |/  
| |/|   
| * | 657d9f23fe47fb88cf221adb23095082f191ba6a tmk - Squashed 'tmk_core/' changes from 97c7ed4..ee8c5ba
* | |   83a3de38b710d0eb5a752ffded6da2e8bf818b22 tmk - Merge commit '5a0132f1c1c9a14fd2941f0a5e29bbf5e31da20c' into master-core-pull
|\ \ \  
| |/ /  
| * | 5a0132f1c1c9a14fd2941f0a5e29bbf5e31da20c tmk - Squashed 'tmk_core/' changes from 08ce4c3..97c7ed4
* | |   b47a88f4a5c3e054539f4113cdf13cf8d2c65545 tmk - Merge commit '28203e909e83b1ac6becb45a3eadae23b190df32' into master-core-pull
|\ \ \  
| |/ /  
| * | 28203e909e83b1ac6becb45a3eadae23b190df32 tmk - Squashed 'tmk_core/' changes from 57d27a8..08ce4c3
+ | | 5b8e4ca2c4c8c46a67d2fdaa2eba925faca91739 tmk - Change README for chibios
| |/  
|/|   
* |   72b16683408810856e9d33b1f521ad6a15bf0699 tmk - Merge remote-tracking branch 'flabbergast-tmk_keyboard/chibios'
|\ \  
| + | 72c52d30c894b85e64861704e162ee3873661c7d flabbergast - Chibios: add more guards for transmitting (fix a deadlock bug).
| * |   b1b30f167587349acbb7dc4f286a8742b8b63d00 flabbergast - Merge remote-tracking branch 'upstream/master' into chibios
| |\ \  
| + | | 5ef7d89406da5e3eda1196805dcc842787fa01cb flabbergast - Chibios: Update to new USB API.
| * | |   ffbaeb7986b91bb5736e02412a6af6d198ad57d6 flabbergast - Merge branch 'master' into chibios
| |\ \ \  
| + | | | 58867094c489e09c79fb0d906f280e3f9db7cc5d flabbergast - Chibios: add 'core/protocol' to the makefiles' search path.
| + | | | 1d6c6609e0f41f760a9eecaab1e19c76f99f9c52 flabbergast - Chibios: Tsy LC is cortex-m0plus.
| + | | | 0998a9930dbdfe54add0245630fc6ff5297e5fa9 flabbergast - Chibios: update Teensy 3.x instructions.
| + | | | b2a3a2653789908e0d5b4770f8ab89d6e8e1d050 flabbergast - Chibios: add makefiles for Teensy 3.x examples.
| + | | | a47c3c733320c2c11fc1f7be6215f9a40787cdf1 flabbergast - Chibios: rename example stm32_onekey -> stm32_f072_onekey.
| + | | | dbbd4e8f8d6bf04af4b778d2c8fd14d5417780c6 flabbergast - Chibios: updates for 3.0.4 git.
| * | | |   8952d617ea489eed11b454abffc96cb286b1acbc flabbergast - Merge remote-tracking branch 'upstream/master' into chibios
| |\ \ \ \  
| + | | | | a75834ee98e94cea329aea224a4daaed1a4bf681 flabbergast - Do timeout when writing to CONSOLE EP queue.
| + | | | | 1104dc0a4fcc9a78e1e9a71d8d9c2f7523d1c6f9 flabbergast - Add maple mini pinout pic.
| + | | | | 7aab3bb21a3a62ce85a1f4b042508a335d6ed028 flabbergast - STM32F103x fixes.
| + | | | | b110884a6d55a7d126e59a43e6481ca51c52e5e8 flabbergast - Workaround for compiler warnings when console disabled.
| + | | | | f108623011a17c04de202fb13dccdda72893655f flabbergast - Add maple mini code.
| + | | | | 39c0c27587a76e94996f2f17fef94c8b90c73bf6 Aurelien Bondis - Add generic STM32F103C8T6 example.
| * | | | |   aa44c779ecec4ca569b2fa11ed41413515f62755 flabbergast - Merge branch 'master' into chibios
| |\ \ \ \ \  
| + | | | | | 41f5be3b7a145b71fdb14f6a6912d7fec874e515 flabbergast - Chibios: Remove the wait in the main loop.
| * | | | | |   cee42dd0f62e1206e8d67d50e9d9509760af427d flabbergast - Merge remote-tracking branch 'upstream/master' into chibios
| |\ \ \ \ \ \  
| + | | | | | | df1b665a3cc5fdab60a0f6520a34d64da8f9f764 flabbergast - Infinity_chibios: improve comments.
| * | | | | | |   59f37399f22b9767a83357990aca907c7dc8f596 flabbergast - Merge branch 'master' into chibios
| |\ \ \ \ \ \ \  
| + | | | | | | | c60dd8791808642420eea828b2217ec62fef0429 flabbergast - ChibiOS: prettify/document sleep_led code.
| + | | | | | | | d3f4b01d220c55e60bea0e8fba27330c8adba903 flabbergast - ChibiOS: Update infinity bootloader code to match updated ChibiOS.
| + | | | | | | | aef7a2973e223bbfc813c97b6244edc403051a55 flabbergast - Chibios: Add breathing sleep LED on Kinetis MCUs.
| + | | | | | | | 44421f5bf4a15e0e0cfdcc18e9008fc242c5308a flabbergast - ChibiOS: make reset request more CMSISy.
| + | | | | | | | 7524f5c9c334103510aeaecd312f955421e6c86a flabbergast - Infinity_chibios: select correct bootloader_jump.
| + | | | | | | | 0914c583518b3d80b668d1bc6265c15c92642047 flabbergast - Add correct chibios/bootloader_jump for infinity KB.
| + | | | | | | | 7c4a2fab6d78e2f59f477bf75690a12c233b0ea7 flabbergast - Chibios/usb_main: rename a variable for clarity.
| + | | | | | | | 8bcddd24f7320344aba9c9e757be2a7d516f4faa Jun Wako - Fix drop key stroke
| + | | | | | | | dcac43fa510eb5087a3b80d5654ffaa98fa471d4 Jun Wako - Add keymap_hasu.c
| + | | | | | | | 1c5c9d94c809dba7a487f07814de4701565f9092 Jun Wako - Fix report size of boot protocol.
| * | | | | | | |   054c86bfe88acb999478f0a7c648a774b8dde64f Jun Wako - Merge branch 'infinity_chibios' of ../tmk_chibios into infinity_chibios
| |\ \ \ \ \ \ \ \  
| | + | | | | | | | fd71b3f4eff1825d6527b1c657e88e2e3bd87483 Jun Wako - Add infinity_chibios
| * | | | | | | | |   983d3be2da1231907aa735037b6b68717417b4a4 Jun Wako - Merge branch 'chibios' of https://github.com/flabbergast/tmk_keyboard into flabbergast-tmk_chibios
| |\ \ \ \ \ \ \ \ \  
| | + | | | | | | | | 6def1045305aaf9c539b5ebbe04232a4c83662ec flabbergast - ChibiOS/STM32: send remote wakeup.
| | |/ / / / / / / /  
| | + | | | | | | | 2e06ccf70a7f86e4abeaf5cec73886c909a2f7a9 flabbergast - ChibiOS/kinetis: sending remote wakeup.
| | + | | | | | | | aa2c56823574b56735b81e5db08bd9c2ec501294 flabbergast - Update chibios/Teensy instructions.
| | + | | | | | | | b25da7a51df91a73520df5f5120478438d84dad7 flabbergast - Update chibi/teensy instructions.
| | + | | | | | | | c1c8e079ca78937096238f11f5ed6ee87cc743ef flabbergast - Chibios: use WFI in idle. WIP suspend stuff.
| | + | | | | | | | c61210cfff21f88c25ad102dcd3afe58ce251c96 flabbergast - Add Teensy LC onekey example.
| | + | | | | | | | 2b4066bb93ffda75dde58342a21c28878b6f50e6 flabbergast - Move chibios/cortex selection to local Makefiles.
| | + | | | | | | | 9178ea2d73511786182317fe3e7b8ffc02cc3dc4 flabbergast - Rename chibios example keyboard.
| | + | | | | | | | 2ac5cd730bf1578e9d593f83926a49b9053c4919 flabbergast - Add eeprom support for chibios/kinetis.
| | + | | | | | | | cb663eeca6f5f2924974b4c6798a64489a5cdacc flabbergast - Move declaration of keymap_config.
| | + | | | | | | | d9652cdf992baaa066f75866689ac50d2b37cb9f flabbergast - Make bootmagic.c code portable (_delay_ms -> wait_ms).
| | + | | | | | | | cd7f30299a26dd32d19ef8ddd587eb8e1a5d4958 flabbergast - Add missing #include to keymap.c.
| | * | | | | | | |   b388269407881b101c13cbeef68f84b714aa9dc9 flabbergast - Merge branch 'master' into chibios
| | |\ \ \ \ \ \ \ \  
| | * | | | | | | | | 3c08375616beed21b9882231795b2fd05ff4f3ad flabbergast - Fix chibios/usb_main GET_REPORT handing.
| | + | | | | | | | | 19bb28d102b8c9b226aae38e2d8d9e53e574d6ec flabbergast - Add ARM Teensies bootloader code.
| | + | | | | | | | | 88c053f78e24d9906c0f469ab1862a468044a376 flabbergast - Move STM32 bootloader address config to separate .h file.
| | + | | | | | | | | 438559f11dba792630201d66a2b690760550c2e2 flabbergast - Rename some Makefile defines.
| | + | | | | | | | | 1bcf15a8ea08b1728bc6caf27117a5ade0659a15 flabbergast - Add comments to chibi_onekey Makefile.
| | + | | | | | | | | a24ddf3403670724b798d18e1d39bc3f0751aecf flabbergast - NKRO fixes.
| | + | | | | | | | | 9540016b12f2182dc6ced530d2a9ab399a2b2ca1 flabbergast - Update chibios README.
| | + | | | | | | | | 66b64efc3d5113f7909e43fa63da9bfdfce2d853 flabbergast - Add chibi_onekey example.
| | + | | | | | | | | dc9fc9a7a457d44efc45f1dce51db3c5d4bc17c9 flabbergast - Add basic sleep_led for chibios.
| | + | | | | | | | | 7d4f3dd5a148f922007f321a0bb61a571d5bbbc9 flabbergast - Move AVR specific sleep_led.c into avr.
| | + | | | | | | | | 5248511209cb765c2548c7037801a8102c75f5a5 flabbergast - Fix bootloader-jump compiling.
| | + | | | | | | | | 9cc281b4efdf2dcd817189bb8e633578d638bc45 flabbergast - Small updates.
| | + | | | | | | | | d057e5157ed22508ce87f8fef113be52674ba209 flabbergast - Implement jump-to-bootloader.
| | + | | | | | | | | 8152d279a4a4aa01f7d3f0a0a7b09e2081aa0d93 flabbergast - Move chibios to tool.
| | + | | | | | | | | 1d115301d4134f59e8043a34400f08aac094704e flabbergast - Make usb_main more USB_DRIVER #define independent.
| | + | | | | | | | | 27dec2db7bb33cc45b04b89b6855bac6b98de2e5 flabbergast - Add ChibiOS support (USB stack + support files).
| | * | | | | | | | | be9be90483ce083490c11b1ae4695ec5149bc783 flabbergast - Modularity and gcc warnings fixes.
* | | | | | | | | | | 99732d5acd64aa805fd9a5bf5d831377cbe3f6c7 tmk - ibm4704_usb: Fix README.md
* | | | | | | | | | | 3730666b9788ce93a93185ef8ca76a5f5b770abd tmk - ibm4704_usb: Add Makefiles for TMK Converter
* | | | | | | | | | | 5c89d73755e1b42420f6b52e659f9489bc833ce9 tmk - core: Remove unused warning. Fix tmk_keyboard/#293
* | | | | | | | | | |   e76c8cafea0e1a0bf0544d7f990684aab4d3264f tmk - Merge pull request #299 from kairyu/speed-up-compilation
|\ \ \ \ \ \ \ \ \ \ \  
| |_|_|_|_|_|_|_|_|/ /  
|/| | | | | | | | | |   
| * | | | | | | | | | 42d5d64306e3d55d47f0e55d57b075ef1c0f1f52 Kai Ryu - core: Speed up compilation
|/ / / / / / / / / /  
* | | | | | | | | |   fb1fb122a5971723f374cd737b7cc0aefd470af3 tmk - Merge pull request #230 from jerryen/master
|\ \ \ \ \ \ \ \ \ \  
| * | | | | | | | | | 0c40b669f01a3bc63545d271b1fb05cf820f02e5 jerryen - Add KEYBOARD_LOCK_ENABLE to makefile
* | | | | | | | | | | 5b820b9db890c7b82c78d2e29109ec521fdd0bc6 tmk - core: Add note about sudo and git
| |_|_|_|_|_|_|_|/ /  
|/| | | | | | | | |   
* | | | | | | | | | 7694eb62ac108a049e037cfb6d2eac956fc08931 tmk - core: Fix variable initialize
* | | | | | | | | | 325a99acd9c81f60519b6e594b2bf5d1e478ac56 tmk - core: Fix variable init and header include
* | | | | | | | | |   b9edbb32e96fc1b6d1ecebcddc5e6e39fc15a728 tmk - Merge pull request #292 from obones/command_warning
|\ \ \ \ \ \ \ \ \ \  
| * | | | | | | | | | 66b6df0068b8a9ad9cd522ae2a32bc8d52aa35c9 obones - host_driver is only used if KEYBOARD_LOCK_ENABLE is defined
| | |_|_|_|_|_|_|/ /  
| |/| | | | | | | |   
* | | | | | | | | |   cfcf5b2734e183700ebe82c55508ba78b381a0a5 tmk - Merge pull request #294 from shayneholmes/fix-debug-message
|\ \ \ \ \ \ \ \ \ \  
| * | | | | | | | | | 2a55b1d80532af1edfb02eabc33a746dc82f4312 Shayne Holmes - Fix typo in bootmagic debug message
| |/ / / / / / / / /  
* | | | | | | | | |   c36828e25e4b39947e80b8ca599ea91c2fee5a57 tmk - Merge pull request #295 from doopai/master
|\ \ \ \ \ \ \ \ \ \  
| * | | | | | | | | | c74eee6327c5995456ba004d70b9663cf485d9f8 duanhongyi - remove  SERIAL_SOFT_DEBUG macro
* | | | | | | | | | | 8ccbbde881a7bd176ee64db3b11a6336d3b17a84 tmk - core: Add macro commands SM(), RM() and CM()
* | | | | | | | | | | 5a196b64448dd0b8fe84e5960b7ed4111383b8eb Adrian L Lange - Add support for storing, restoring and clearing modifiers in macros
* | | | | | | | | | | 6baca549b946033128a786ed4150de7644340d1f tmk - core: Add dfu-programmer example to doc/build.md
* | | | | | | | | | | 0851cf926f63aeacc055ceaf72917f95068b49c0 tmk - core: Fix doc/build.md
* | | | | | | | | | | 5611f94fb11096ecf13c463642d1e8c480d7fc2e tmk - usb_usb: Change matrix size 32x8 to 16x16
* | | | | | | | | | |   47425d910b962d78245cdf5ff9d82ef6958e1dbf tmk - Merge branch 'usb_usb_editor'
|\ \ \ \ \ \ \ \ \ \ \  
| * | | | | | | | | | | 6382a9b5f4ab67522a0f373559db6c877dd4ca80 tmk - usb_usb: Fix for keymap editor
* | | | | | | | | | | | c5d98f5c6f8c5c38b66ec386dbf204a0dea73f33 tmk - hhkb: Add note about RN42
|/ / / / / / / / / / /  
* | | | | | | | | | | 467602749dda5bcf8e2651b7407c07779fb5646c tmk - Fix fn_actions for keymap editor
|/ / / / / / / / / /  
* | | | | | | | | | 7d621aca7bcf34374e30ddfe79f0f16cf5caa26e tmk - m0110_usb: Add LED flash on startup
* | | | | | | | | | c219570e54caed947882c26266a6b85ab9a3a493 tmk - adb_usb: Add LED flash on startup
* | | | | | | | | | 310a39dd7617e27d53e8e7c0a0d0fbd0faff58e6 tmk - adb_usb: Change keycode PEQL to EQL(Fix #238)
|/ / / / / / / / /  
* | | | | | | | |   33714e55827d1cf52df1d3ff143f03fa34ad1f06 tmk - Merge pull request #278 from uxp/keycode_syntax_fix
|\ \ \ \ \ \ \ \ \  
| * | | | | | | | | 3dd8fb46276ccee869df82080a815160e2eea98c Howard P. Logsdon - Remove an errant comma trailing the KC_ERAS macro alias
|/ / / / / / / / /  
* | | | | | | | |   a5f289249b9b6cb6a30550f4dd7fbc12b93528a9 tmk - Merge branch 'master' of github.com:tmk/tmk_keyboard
|\ \ \ \ \ \ \ \ \  
| * \ \ \ \ \ \ \ \   6d144be8fddd1146f3c49551315efa82676d2477 tmk - Merge pull request #270 from jeffgran/single-tap-toggle
| |\ \ \ \ \ \ \ \ \  
| | * | | | | | | | | 81807dd2a61e63fbd6976bfc7235d770964866bc Jeff Gran - enable TAPPING_TOGGLE=1 to work correctly
| | | |_|_|_|_|_|/ /  
| | |/| | | | | | |   
* | | | | | | | | |   03ef2cf2d7056821d6c1a47beda7599df6e7cdc7 tmk - Merge branch 'jeffgran-single-tap-toggle'
|\ \ \ \ \ \ \ \ \ \  
| |/ / / / / / / / /  
|/| | | | | | | | |   
| * | | | | | | | | d60a9b90488a8fee8e1d827b386c1641e5395c2e Jeff Gran - enable TAPPING_TOGGLE=1 to work correctly
|/ / / / / / / / /  
* | | | | | | | |   2d673dfabc7dbafb60dd340b5b9bc45d91715315 tmk - Merge pull request #271 from jeffgran/default-layer-toggle
|\ \ \ \ \ \ \ \ \  
| * | | | | | | | | 681464c0f7b7752badfaa685c94c88e395f7a176 Jeff Gran - add ACTION_DEFAULT_LAYER_TOGGLE to toggle a default layer on/off
| |/ / / / / / / /  
* | | | | | | | |   9c42227352646d00a8dc6e4eaa499bf5c1d97a9f tmk - Merge pull request #267 from riginding/master
|\ \ \ \ \ \ \ \ \  
| * | | | | | | | | e19d574b295199d32a99ebc592cdd0e5c690a2ad Ryan Riginding - add KC_MRWD and KC_MFFD to rn42
| | |_|_|_|_|/ / /  
| |/| | | | | | |   
* | | | | | | | | 24c30681c42762aba3df96432078129e127bfd13 tmk - Remove doc/
* | | | | | | | | 792327caac705e88de1f6b8cf43fb4b2fa2f7d40 tmk - core: Update doc/build.md and remove other_projects.md
* | | | | | | | | 060c8c55f951c0dc6f07fc202046c8a4877dae58 tmk - adb_usb: Update README and Makefiles
* | | | | | | | | d0f174911e84be47d0f3b3d98b7d1adeb38b5411 tmk - core: Fix rules.mk for dfu target
| |/ / / / / / /  
|/| | | | | | |   
* | | | | | | | 2f3f17dba2065f92ce4e1ea7cd6351ee7357f968 tmk - usb_usb: Fix JIS keymap
* | | | | | | | e5bad3f3b7187093e581696cafb7280ff517741c tmk - core: Fix debug print of usb_hid
* | | | | | | | 706b2776464200a5723ac41d58ad7918d72460bb tmk - usb_usb: Add keymap of iso and of jis
* | | | | | | | 6cd178ced98017ff59a7fe8cd94fd00fa9043023 tmk - core: Add keycode KC_JPY for JIS
| |_|_|_|_|/ /  
|/| | | | | |   
* | | | | | | db2015a6b2d01c765dbd5ef2d13f160ab69965f4 tmk - hhkb: fix for keymap editor
* | | | | | | 14a66a181ea6d300aab199cb121027d926fd6ab6 tmk - alps64: support for  keymap editor
|/ / / / / /  
* | | | | | fa33719adab1393753312d298b8c365e04e844b9 tmk - Add doc of HHKB original keycodes
| |/ / / /  
|/| | | |   
* | | | | 6fe4af82fa21cbeb8e22c9f0630e5a908963cc13 tmk - Fix port setting of alps64/matrix.c
| |_|/ /  
|/| | |   
* | | |   5ce9bf8353568b341b79b3cea676ea62a7d40442 Jun Wako - Merge commit 'fdc38ef3f92af7adeeb4de49550d8838c8a39b5c'
|\ \ \ \  
| | |_|/  
| |/| |   
| * | | fdc38ef3f92af7adeeb4de49550d8838c8a39b5c Jun Wako - Squashed 'tmk_core/' changes from dc0e46e..57d27a8
* | | | 77afc5a76f5d299d606ab5b6d870a40aee9cb0e3 Jun Wako - core: Fix NKRO ifdef
* | | | 79fd952da44df3414652faeb777437feeba70319 Jun Wako - ibm4704: Add keymap for Alps 102-key
* | | | ed9766a7d44cd727dbd59008eff4258745ff87cf tmk - core: Fix for disabling NKRO in Boot protocol
* | | | e8a4a63ec45cf5052d8a054182ab83fdbafc3ff6 tmk - core: Fix message print of debug command
* | | | bf3d4b3c06a0f379ce5f1112b5033faf1a69aeb6 tmk - lufa: Fix endpoint bank mode for ATMega32u2
* | | | 0b14b560063ac23de0132da9aae3cade68f7034e tmk - next_usb: Fix for mssing key event
* | | | c1f36042b4a09bf2357406b83d5c97a652d56bdb tmk - next_usb: Change LEDs usage for CapsLock status
* | | | 4fd703e9955356971d9610e05b734db860856382 tmk - next_usb: Change for TMK converter configuration
* | | | 276fc930165cebed4b8fde9ee6e0b3525e0032ca tmk - next_usb: Fix keymap
* | | | 9b99f8f8649c25b5efa92c9fd49b7f4c0ce60a76 tmk - next_usb: Fix next_kbd_set_leds()
* | | |   6147f5705ad2c5195a6363b4a1469230b424e489 tmk - Merge branch 'skullydazed-assignable_RESET'
|\ \ \ \  
| * | | | 498654fc4c693c8a40e9285063797b9a6324ac18 tmk - Change to KC_BOOTLOADER(KC_BTLD)
| * | | | bb8c1d29fa123c430bccb5b8568d55a691bc1c81 skullY - Add an assignable RESET key
* | | | |   dc04983fd7905048c94366bce70f1288b323bfc9 tmk - Merge branch 'ibm4704_alps102'
|\ \ \ \ \  
| |/ / / /  
|/| | | |   
| * | | | a63a9c7845c46b2b10a7a33b56001b89cbc93203 tmk - ibm4704: Add keymap for Alps models
| | |_|/  
| |/| |   
* | | | a8d4daa7617c72cc32b5186271d4d35a7beffb82 tmk - Fix parenthesis
* | | | 0c21b263f9bc11e3999d7ea28e78d36663abf02c tmk - Fix weak modifier clear in action macro
* | | | 9f1d23bfe11d0a2db028ec2d585385094b80c098 tmk - Add Ateml toolchain and remove specific chip name
|/ / /  
* | | 455fd51a87693e8368a520730082fdc0a7c377eb tmk - Fix 'enable break' commands for Alps models
* | | 79cf2d59aeb53f47ddb665db0eb9366c4aa73057 tmk - Fix #239 unresponsive keys of HHKB JP during power saving
* | | 35203cad6ad4294409bd39dd85ff7858b353570d tmk - core: Fix lufa suspend callback(#234)
* | | d4220ac9f36209ba7e641f35181b41f84b9c98da tmk - hhkb: Add power saving code of matrix scan for JP
* | | 1efdd867c8f88ad779ad82e1b22df62bf6be8fe9 tmk - usb_usb: Ignore error usage(0x01-03) report
* | | 6f5e8ce17e89005130cd0f9ecc6e346a77bb624b tmk - usb_usb: Support locking key indicator LED
* | | e1e0e5b4fb4320e5f9512776912775fb9f589d4c tmk - onekey: Add V-USB build
* | | 5f06f26e03c0d0902e2466a0312ad4a5650a41af tmk - ps2_usb: Fix for V-USB build
* | | 448aa73c39155e2e9ce6abe2519620b392bb4bdd tmk - ps2_usb: Fix for mbed build
* | | 8746ad98ccc6ae56c8452afa6bef170777ea5b26 tmk - core: Add keymap section ldscript for ATMega32U2
* | | ce8b1e5f1347bb04ee26ef21c24aa52e8fdf23d7 tmk - m0110_usb: Change keymap and Makefile
| |/  
|/|   
* | 507ebb34f5e7ca0eb2543f3c755ae39671a9b44c tmk - alps64: Change keymaps and USB descriptors.
* | 070a6be63808cdb6c4ec9e12ad708718cfdc3dfb tmk - Add description for non-US keys on keycode.h
* | a55160887322c5498f6a9b01bcc2e137e5e6cd51 tmk - sun_usb: LED update for hotplug keyboard into converter
* | 49b0c7e5ef1683f001c4c9e1c7516da8c5fe592e tmk - sun_usb: Fix LED status update at startup
* | 37af88217d62f22fd5d64a7b58285ce9a94d2176 tmk - sun_usb: Fix serial recv intrrupt trriger edge #228
* | fdce0c9cc0b7f8e9f1497cae3ea63a6672ceaf71 tmk - lufa: Fix console flush #223
* | 5b46031658a69104526ef43284acd943ba21b772 tmk - Revert "Make action_for_key a weak symbol"
* |   32abfacbc730be45ae5696688d9d8db3fb25dc01 tmk - Merge pull request #216 from DigitalBrains1/modelm101
|\ \  
| * | 965110a0411bf64918ed8fd539139c00936ac9f5 Peter Lebbing - Add 101-key Model M terminal keyboard
* | |   63c07c9a0ff63a34c8c4868db6e34bcb6fee74db tmk - Merge pull request #217 from SaskatoonTechworks/tmk_core_action
|\ \ \  
| * | | c17b8a599e3ec3b0a327bcd66082541f2517ab30 Dan McGregor - Make action_for_key a weak symbol
|/ / /  
* | |   81137b7a61ef11df023e1f542840a80bfc1ca090 tmk - Merge branch 'ibm4704_fix_protocol'
|\ \ \  
| * | | 80fd3b0b240a8840fbca1cc3cc70e76f5b52b888 tmk - ibm4704_usb: Fix protocol handling
| * | | 6b588eb7f7893500e18686e673dbf12b511dc975 tmk - Add keyboard_setup() and matrix_setup()
| * | | 9a2282157fbdf57ef0a50d4fea7da72505906588 tmk - ibm4704_usb: Fix interrupt of clock(rising edge)
|/ / /  
* | | 6014d1014e96a7b484699d4dd8c04292c0233b0e Jun Wako - ps2_usb: Fix pin configuration
|/ /  
* | 2d9e0d5cab534cf70471f6dd37f8e624354e67b3 tmk - ibm4704_usb: Add keymaps for 107 and 50-key
* | c01ecce137edf2283f028fe25d64d45b6510087f tmk - Revert "hhkb: Fix bug of matrix initialization for JP"
* | 8e7153d190b80757cb84994ecfad573914739204 tmk - hhkb: Change document
* | 1ed54a5dc9bf03a6daa9c1809701b277e3194970 tmk - adb_usb: Change README
* | a8822a16b4895e862cf26a3b64863fc082af2888 tmk - hhkb: Fix scan rate for HHKB JP #203
* | b085d762d5f151ce3f72d161ba2943862a02ca1e tmk - hhkb: Add build options
* | 81fe1fda6168dcbe989acef89c089e81dff6c4a5 tmk - hhkb: Change keymap
* | 177400b7e0932701a0d0f5d1c931b42907e3472f tmk - alps64: Change keymap
* | e86166c9043ec5bd3b418b569a58004c0b47d6cb tmk - adb_usb: Change keymap
* | 9a7eeb4918b947b933216c64fe257ef6385e2065 tmk - usb_usb: Fix keymap
* | b8fba54a20ef940565c1b443891d7c94a91cf1fb tmk - usb_usb: Change debug LED pin config
* | 67137a908aaf22fbd0509fbc127a092b9c0ff84f tmk - Reduce code size of magic commands
* | 192024124b65fb65a65b44eef0bbc308c5971cea tmk - Add description of AVR bootloader and boot section
* | 6057e915b53728f7b9d421b604c7c4654ca58743 tmk - usb_usb: Fix initialize procedure
* |   f1f2066657f4a0998adc016c95d7e541b436e09f tmk - Merge commit 'f6d56675f9f981c5464f0ca7a1fbb0162154e8c5'
|\ \  
| |/  
| * f6d56675f9f981c5464f0ca7a1fbb0162154e8c5 tmk - Squashed 'tmk_core/' changes from caca2c0..dc0e46e
* | 1c73e574f109a17566db99e399bdf86007488d2a Jun Wako - Add compile options '-fdata-sections'
* |   663909772e36d965562b994679858e8b46ed3567 tmk - Merge branch 'mek-apelsin-lola'
|\ \  
| * | 7780fd1c01182ab67d899b78d85a0d3b0d89196f Mekaniserad Apelsin - Add mouse support to ADB
* | |   d9fee5571d7de08e76dff5ce75816faf522240f6 tmk - Merge commit '4d116a04e94cf0d19317d5b44e4fa9f34a3e5594'
|\ \ \  
| |/ /  
|/| /   
| |/    
| * 4d116a04e94cf0d19317d5b44e4fa9f34a3e5594 tmk - Squashed 'tmk_core/' changes from b9e0ea0..caca2c0
* | 55fc97f957555c20c4509e587e8fd2ef1194ab0d Jun Wako - Change mbed sdk path
* |   a3d96d3aa96318d339a67de1085e0ae495d57c84 Jun Wako - Merge commit '1fe4406f374291ab2e86e95a97341fd9c475fcb8'
|\ \  
| |/  
| * 1fe4406f374291ab2e86e95a97341fd9c475fcb8 Jun Wako - Squashed 'tmk_core/' changes from 7967731..b9e0ea0
* | 1d5bac21dc6f1425b8ef4bbe7935330c37c3a93e Jun Wako - Fix README
* | 22dd5dae985c7ee0d0a04f02cdea474e9b099b07 tmk - Update for the latest mbed sdk
* | 1f4a22ee81ec1986d1ca190c78c66231d37b50e2 Jun Wako - Remove unneeded tap delays #201
* | 3f32b224788f9e938e41e02f6ad6fcbbec67479f Jun Wako - Fix URL of HID Usage Tables pdf
* | f9045bea6e5bc8534d4b80ba826d4aad7dc68551 Jun Wako - Fix typo of doc/keycode.txt
* | 7c3f14b7bbc155a74162a28c0eb82c3f4c39a54b Jun Wako - Fix handling of consumer usage #199
* |   4e50df476d2c9050a68b812a7cc1b847cf53070e Jun Wako - Merge branch 'mtharp-anti-ghost'
|\ \  
| * | b52e29582aa591eb9abbf131981f750de56e3e21 Michael Tharp - Improve anti-ghosting behavior for fast typing
|/ /  
* | bd24de44b71baa036d30da691f56f34744aa5fd5 Jun Wako - Fix dfu-programmer parameters
* | c412300536a5bb9f5224d00864150e9963d59ba8 Jun Wako - sun_usb: import dastels's keymap of Type 3
* |   c2485ebac51af53e96a86dccbf7c0540ce50e3ea Jun Wako - Merge branch 'ibm4704_ext'
|\ \  
| * | e98b80072371ab0b4a2ffe573ddeec4b9c72aa8d Jun Wako - Move ring_buffer.h file
| * | d5482f29f46174bfa8854653f8a6cab5af97085e tmk - Fix debug print
| * | d42aa47809c97a77c49e9396201c2b5c3956bb54 tmk - Fix ibm4704 protocol with using interrupt
| * | 5ea50bfb30fa9917f6c1209a7ae7f31b7e7b4095 tmk - Add keymap codelet for 77-key and 107-key
|/ /  
* | 799993c414416c8b23acfaf8f2701ea514d10080 Jun Wako - Update README
* |   79cfa894afbc0a94ac642f57de905d9afc068ce7 Jun Wako - Merge commit 'a20ef7052c6e937d2f7672dd59456e55a5c08296' into master_ng
|\ \  
| |/  
| * a20ef7052c6e937d2f7672dd59456e55a5c08296 Jun Wako - Squashed 'tmk_core/' changes from 05caacc..7967731
* | 7860d09914dba5e7d2d6c1c25b62b49d1bbd2591 tmk - Change TMK_DIR setting
* |   1a02ebcc612e9a9c0d87e02295c7258de3a70ccc tmk - Merge commit 'a074364c3731d66b56d988c8a6c960a83ea0e0a1' as 'tmk_core'
|\ \  
| |/  
| * a074364c3731d66b56d988c8a6c960a83ea0e0a1 tmk - Squashed 'tmk_core/' content from commit 05caacc
* 6746e37088ce8ba03529c1226bd216705edb2b1f tmk - Remove core library and build files
* c2a6c5caeab8a106f37bc996ae5d9f8a0b8c91b9 tmk - core: Fix lufa suspend callback(#234)
* fa548c5367f1ef629f486f8c71d95f7f30e132a2 tmk - usb_usb: Ignore error usage(0x01-03) report
* 513d95c7a597b6653241f9f27e17fc8576d148de tmk - usb_usb: Support locking key indicator LED
* cd788026cff39e4bed86346d3284925a27998629 tmk - core: Add keymap section ldscript for ATMega32U2
* 70c9abd88a137eaf411a7f26735d0be37b2f9480 tmk - Add description for non-US keys on keycode.h
* 538c192f97f4da525eae926782c208a89b44ffc5 tmk - lufa: Fix console flush #223
* 87628c9f50cbd754dca996953a01cbeed9cb5eeb tmk - Revert "Make action_for_key a weak symbol"
* 3c0a1bae57326bd9a4237178a88b58915da41864 Dan McGregor - Make action_for_key a weak symbol
* 6bb0d7dab08819576776e6508098343e2008141b tmk - ibm4704_usb: Fix protocol handling
* b6ef5cfafb694bf691b7807194556fb7d4187d5e tmk - Add keyboard_setup() and matrix_setup()
* f4bb8b2ea824b2f38b6d5b24af5997940137ecbb tmk - ibm4704_usb: Fix interrupt of clock(rising edge)
* 0c1fcc17efc5e3cb39d4629a560f939ce7c251c5 tmk - usb_usb: Change debug LED pin config
* 595710dd61dab19c7f860c46b5eaec08746b2108 tmk - Reduce code size of magic commands
* 6bed1740912a91eaee76c5898397d1c5333d0357 tmk - Add description of AVR bootloader and boot section
*   54c6a015b4c6cd9c3bf39d0e30c6690fc17e2b0e tmk - Merge commit 'f6d56675f9f981c5464f0ca7a1fbb0162154e8c5'
|\  
| * dc0e46eaa4367d4e218f8816e3c117895820f07c Jun Wako - Rename LUFA to LUFA-git
| * 3bfa7faac6bbb60d8afb2279b45e29e6a5259614 Jun Wako - Remove LUFA-120730
| *   215b76449d9c6674c7aa318cd8fdbc5dee09a3f0 Jun Wako - Merge commit 'afa0f22a9299686fd88f58ce09c5b521ac917e8f' as 'protocol/lufa/LUFA'
| |\  
| | * afa0f22a9299686fd88f58ce09c5b521ac917e8f Jun Wako - Squashed 'protocol/lufa/LUFA/' content from commit def7fca
| * c0c42facc19cefc8c185dffb587c2b84f53e98c8 Jun Wako - Remove submodule of LUFA
| *   30f897dec6198a2b43a4af991bf9f0c40a2ec27f Jun Wako - Merge commit '87ced33feb74e79c3281dda36eb6d6d153399b41' as 'protocol/usb_hid/USB_Host_Shield_2.0'
| |\  
| | * 87ced33feb74e79c3281dda36eb6d6d153399b41 Jun Wako - Squashed 'protocol/usb_hid/USB_Host_Shield_2.0/' content from commit aab4a69
| * 14f6d498358f01dc965649aeb68b26481b51b8eb Jun Wako - Remove submodule of USB_Host_Shield_2.0
* | febec887dd8edca148ec23dd83d70c6414684ebe Jun Wako - Add compile options '-fdata-sections'
|/  
* caca2c01553394d959550034c817520d575c7fa0 Mekaniserad Apelsin - Add mouse support to ADB
*   5b0835a91097d773f2ba4896393c14fb23f729f2 Jun Wako - Merge commit '1fe4406f374291ab2e86e95a97341fd9c475fcb8'
|\  
| *   b9e0ea08cb940de20b3610ecdda18e9d8cd7c552 Jun Wako - Merge commit '7fa9d8bdea3773d1195b04d98fcf27cf48ddd81d' as 'tool/mbed/mbed-sdk'
| |\  
| | * 7fa9d8bdea3773d1195b04d98fcf27cf48ddd81d Jun Wako - Squashed 'tool/mbed/mbed-sdk/' content from commit 7c21ce5
* | f2f7556e2daf406923b6afd5dabed10c5b47fd68 Jun Wako - Remove unneeded tap delays #201
* | 8124195a0807d74322443ee474bb0836fe54a933 Jun Wako - Fix URL of HID Usage Tables pdf
* | 0bb46793a04d6be9aeb92036d19d300da9cbbed3 Jun Wako - Fix typo of doc/keycode.txt
* | b24fa1aca99679dd20f923fef57b04fe38aceb46 Jun Wako - Fix handling of consumer usage #199
* | 6ae1a3d703ee5c31b24b8001be62fdeec4a7a28f Michael Tharp - Improve anti-ghosting behavior for fast typing
* | a4c9763a2d418d6c01bb48d7d7f872e2b696dcf5 Jun Wako - Fix dfu-programmer parameters
* | b62b3f22b0f871babb2739a90a52b77cf740ba4f Jun Wako - Move ring_buffer.h file
* | 6ec424f9f21e25b1ba6b5890e24543818bfa2db5 tmk - Fix debug print
* | 502fb0cb7772f0e41a17ff66cab7b69c015819c2 tmk - Fix ibm4704 protocol with using interrupt
|/  
* 7967731b8bcb1f0c26f7f1f909273e6ad7ae8f36 Jun Wako - Update README
* 05caaccec92694bb24c8c3c3a9940b96efd4605c tmk - Remove keyboard and converter project files
